<?xml version="1.0" encoding="UTF-8"?>
<testng-results ignored="0" total="1" passed="1" failed="0" skipped="0">
  <reporter-output>
    <line>
      <![CDATA[Project verified]]>
    </line>
    <line>
      <![CDATA[Project validated]]>
    </line>
  </reporter-output>
  <suite started-at="2023-03-03T12:59:00 IST" name="Default suite" finished-at="2023-03-03T12:59:21 IST" duration-ms="21065">
    <groups>
    </groups>
    <test started-at="2023-03-03T12:59:00 IST" name="Default test" finished-at="2023-03-03T12:59:21 IST" duration-ms="21065">
      <class name="Practice.CreateprojectInAPI_validateInGUI_ValidateInDB">
        <test-method is-config="true" signature="bsConfig()[pri:0, instance:Practice.CreateprojectInAPI_validateInGUI_ValidateInDB@272113c4]" started-at="2023-03-03T12:58:59 IST" name="bsConfig" finished-at="2023-03-03T12:59:00 IST" duration-ms="1395" status="PASS">
          <reporter-output>
          </reporter-output>
        </test-method> <!-- bsConfig -->
        <test-method is-config="true" signature="openBrowser()[pri:0, instance:Practice.CreateprojectInAPI_validateInGUI_ValidateInDB@272113c4]" started-at="2023-03-03T12:59:00 IST" name="openBrowser" finished-at="2023-03-03T12:59:06 IST" duration-ms="5928" status="PASS">
          <reporter-output>
          </reporter-output>
        </test-method> <!-- openBrowser -->
        <test-method is-config="true" signature="bmConfig()[pri:0, instance:Practice.CreateprojectInAPI_validateInGUI_ValidateInDB@272113c4]" started-at="2023-03-03T12:59:06 IST" name="bmConfig" finished-at="2023-03-03T12:59:07 IST" duration-ms="330" status="PASS">
          <reporter-output>
          </reporter-output>
        </test-method> <!-- bmConfig -->
        <test-method signature="createProjectusingFramework()[pri:0, instance:Practice.CreateprojectInAPI_validateInGUI_ValidateInDB@272113c4]" started-at="2023-03-03T12:59:07 IST" name="createProjectusingFramework" finished-at="2023-03-03T12:59:20 IST" duration-ms="13316" status="PASS">
          <reporter-output>
            <line>
              <![CDATA[Project verified]]>
            </line>
            <line>
              <![CDATA[Project validated]]>
            </line>
          </reporter-output>
        </test-method> <!-- createProjectusingFramework -->
        <test-method is-config="true" signature="amConfig()[pri:0, instance:Practice.CreateprojectInAPI_validateInGUI_ValidateInDB@272113c4]" started-at="2023-03-03T12:59:20 IST" name="amConfig" finished-at="2023-03-03T12:59:21 IST" duration-ms="1056" status="PASS">
          <reporter-output>
          </reporter-output>
        </test-method> <!-- amConfig -->
        <test-method is-config="true" signature="closeBrowser()[pri:0, instance:Practice.CreateprojectInAPI_validateInGUI_ValidateInDB@272113c4]" started-at="2023-03-03T12:59:21 IST" name="closeBrowser" finished-at="2023-03-03T12:59:21 IST" duration-ms="397" status="PASS">
          <reporter-output>
          </reporter-output>
        </test-method> <!-- closeBrowser -->
        <test-method is-config="true" signature="asConfig()[pri:0, instance:Practice.CreateprojectInAPI_validateInGUI_ValidateInDB@272113c4]" started-at="2023-03-03T12:59:21 IST" name="asConfig" finished-at="2023-03-03T12:59:21 IST" duration-ms="14" status="PASS">
          <reporter-output>
          </reporter-output>
        </test-method> <!-- asConfig -->
      </class> <!-- Practice.CreateprojectInAPI_validateInGUI_ValidateInDB -->
    </test> <!-- Default test -->
  </suite> <!-- Default suite -->
</testng-results>
